2014-06-02 18:44:14,061 - Trying to use logger class org.apache.velocity.runtime.log.Log4JLogChute
2014-06-02 18:44:14,061 - Using logger class org.apache.velocity.runtime.log.Log4JLogChute
2014-06-02 18:44:14,064 - Default ResourceManager initializing. (class org.apache.velocity.runtime.resource.ResourceManagerImpl)
2014-06-02 18:44:14,067 - ResourceLoader instantiated: org.apache.velocity.runtime.resource.loader.FileResourceLoader
2014-06-02 18:44:14,069 - Do unicode file recognition:  false
2014-06-02 18:44:14,069 - FileResourceLoader : adding path '.'
2014-06-02 18:44:14,080 - ResourceCache: initialized (class org.apache.velocity.runtime.resource.ResourceCacheImpl)
2014-06-02 18:44:14,082 - Loaded System Directive: org.apache.velocity.runtime.directive.Literal
2014-06-02 18:44:14,083 - Loaded System Directive: org.apache.velocity.runtime.directive.Macro
2014-06-02 18:44:14,084 - Loaded System Directive: org.apache.velocity.runtime.directive.Parse
2014-06-02 18:44:14,086 - Loaded System Directive: org.apache.velocity.runtime.directive.Include
2014-06-02 18:44:14,087 - Loaded System Directive: org.apache.velocity.runtime.directive.Foreach
2014-06-02 18:44:14,116 - Created '20' parsers.
2014-06-02 18:44:14,124 - Velocimacro : "velocimacro.library" is not set.  Trying default library: VM_global_library.vm
2014-06-02 18:44:14,125 - Velocimacro : Default library not found.
2014-06-02 18:44:14,125 - Velocimacro : allowInline = true : VMs can be defined inline in templates
2014-06-02 18:44:14,125 - Velocimacro : allowInlineToOverride = false : VMs defined inline may NOT replace previous VM definitions
2014-06-02 18:44:14,125 - Velocimacro : allowInlineLocal = false : VMs defined inline will be global in scope if allowed.
2014-06-02 18:44:14,125 - Velocimacro : autoload off : VM system will not automatically reload global library macros
2014-06-02 19:00:33,228 - Log4JLogChute initialized using file 'velocity.log'
2014-06-02 19:00:33,229 - Velocity was not initialized! Calling init()...
2014-06-02 19:00:33,229 - Starting Apache Velocity v1.5 (compiled: 2007-02-22 08:52:29)
2014-06-02 19:00:33,229 - Default Properties File: org/apache/velocity/runtime/defaults/velocity.properties
2014-06-02 19:00:33,229 - Trying to use logger class org.apache.velocity.runtime.log.AvalonLogChute
2014-06-02 19:00:33,232 - Couldn't find class org.apache.velocity.runtime.log.AvalonLogChute or necessary supporting classes in classpath.
java.lang.NoClassDefFoundError: org/apache/log/format/Formatter
	at java.lang.Class.forName0(Native Method)
	at java.lang.Class.forName(Class.java:270)
	at org.apache.velocity.util.ClassUtils.getClass(ClassUtils.java:63)
	at org.apache.velocity.util.ClassUtils.getNewInstance(ClassUtils.java:95)
	at org.apache.velocity.runtime.log.LogManager.createLogChute(LogManager.java:147)
	at org.apache.velocity.runtime.log.LogManager.updateLog(LogManager.java:208)
	at org.apache.velocity.runtime.RuntimeInstance.initializeLog(RuntimeInstance.java:728)
	at org.apache.velocity.runtime.RuntimeInstance.init(RuntimeInstance.java:240)
	at org.apache.velocity.runtime.RuntimeInstance.parse(RuntimeInstance.java:993)
	at org.apache.velocity.runtime.RuntimeInstance.parse(RuntimeInstance.java:972)
	at org.apache.velocity.runtime.RuntimeSingleton.parse(RuntimeSingleton.java:265)
	at org.apache.velocity.app.Velocity.evaluate(Velocity.java:274)
	at org.sonatype.mavenbook.weather.WeatherFormatter.format(WeatherFormatter.java:24)
	at org.sonatype.mavenbook.weather.yahoo.WeatherFormatterTest.testFormat(WeatherFormatterTest.java:22)
	at sun.reflect.NativeMethodAccessorImpl.invoke0(Native Method)
	at sun.reflect.NativeMethodAccessorImpl.invoke(NativeMethodAccessorImpl.java:57)
	at sun.reflect.DelegatingMethodAccessorImpl.invoke(DelegatingMethodAccessorImpl.java:43)
	at java.lang.reflect.Method.invoke(Method.java:606)
	at junit.framework.TestCase.runTest(TestCase.java:154)
	at junit.framework.TestCase.runBare(TestCase.java:127)
	at junit.framework.TestResult$1.protect(TestResult.java:106)
	at junit.framework.TestResult.runProtected(TestResult.java:124)
	at junit.framework.TestResult.run(TestResult.java:109)
	at junit.framework.TestCase.run(TestCase.java:118)
	at junit.framework.TestSuite.runTest(TestSuite.java:208)
	at junit.framework.TestSuite.run(TestSuite.java:203)
	at sun.reflect.NativeMethodAccessorImpl.invoke0(Native Method)
	at sun.reflect.NativeMethodAccessorImpl.invoke(NativeMethodAccessorImpl.java:57)
	at sun.reflect.DelegatingMethodAccessorImpl.invoke(DelegatingMethodAccessorImpl.java:43)
	at java.lang.reflect.Method.invoke(Method.java:606)
	at org.apache.maven.surefire.junit.JUnitTestSet.execute(JUnitTestSet.java:95)
	at org.apache.maven.surefire.junit.JUnit3Provider.executeTestSet(JUnit3Provider.java:121)
	at org.apache.maven.surefire.junit.JUnit3Provider.invoke(JUnit3Provider.java:98)
	at sun.reflect.NativeMethodAccessorImpl.invoke0(Native Method)
	at sun.reflect.NativeMethodAccessorImpl.invoke(NativeMethodAccessorImpl.java:57)
	at sun.reflect.DelegatingMethodAccessorImpl.invoke(DelegatingMethodAccessorImpl.java:43)
	at java.lang.reflect.Method.invoke(Method.java:606)
	at org.apache.maven.surefire.util.ReflectionUtils.invokeMethodWithArray(ReflectionUtils.java:189)
	at org.apache.maven.surefire.booter.ProviderFactory$ProviderProxy.invoke(ProviderFactory.java:165)
	at org.apache.maven.surefire.booter.ProviderFactory.invokeProvider(ProviderFactory.java:85)
	at org.apache.maven.surefire.booter.ForkedBooter.runSuitesInProcess(ForkedBooter.java:115)
	at org.apache.maven.surefire.booter.ForkedBooter.main(ForkedBooter.java:75)
Caused by: java.lang.ClassNotFoundException: org.apache.log.format.Formatter
	at java.net.URLClassLoader$1.run(URLClassLoader.java:366)
	at java.net.URLClassLoader$1.run(URLClassLoader.java:355)
	at java.security.AccessController.doPrivileged(Native Method)
	at java.net.URLClassLoader.findClass(URLClassLoader.java:354)
	at java.lang.ClassLoader.loadClass(ClassLoader.java:425)
	at sun.misc.Launcher$AppClassLoader.loadClass(Launcher.java:308)
	at java.lang.ClassLoader.loadClass(ClassLoader.java:358)
	... 42 more
2014-06-02 19:00:33,236 - Trying to use logger class org.apache.velocity.runtime.log.Log4JLogChute
2014-06-02 19:00:33,236 - Using logger class org.apache.velocity.runtime.log.Log4JLogChute
2014-06-02 19:00:33,240 - Default ResourceManager initializing. (class org.apache.velocity.runtime.resource.ResourceManagerImpl)
2014-06-02 19:00:33,246 - ResourceLoader instantiated: org.apache.velocity.runtime.resource.loader.FileResourceLoader
2014-06-02 19:00:33,249 - Do unicode file recognition:  false
2014-06-02 19:00:33,249 - FileResourceLoader : adding path '.'
2014-06-02 19:00:33,269 - ResourceCache: initialized (class org.apache.velocity.runtime.resource.ResourceCacheImpl)
2014-06-02 19:00:33,272 - Loaded System Directive: org.apache.velocity.runtime.directive.Literal
2014-06-02 19:00:33,274 - Loaded System Directive: org.apache.velocity.runtime.directive.Macro
2014-06-02 19:00:33,275 - Loaded System Directive: org.apache.velocity.runtime.directive.Parse
2014-06-02 19:00:33,277 - Loaded System Directive: org.apache.velocity.runtime.directive.Include
2014-06-02 19:00:33,278 - Loaded System Directive: org.apache.velocity.runtime.directive.Foreach
2014-06-02 19:00:33,308 - Created '20' parsers.
2014-06-02 19:00:33,316 - Velocimacro : "velocimacro.library" is not set.  Trying default library: VM_global_library.vm
2014-06-02 19:00:33,316 - Velocimacro : Default library not found.
2014-06-02 19:00:33,316 - Velocimacro : allowInline = true : VMs can be defined inline in templates
2014-06-02 19:00:33,317 - Velocimacro : allowInlineToOverride = false : VMs defined inline may NOT replace previous VM definitions
2014-06-02 19:00:33,317 - Velocimacro : allowInlineLocal = false : VMs defined inline will be global in scope if allowed.
2014-06-02 19:00:33,317 - Velocimacro : autoload off : VM system will not automatically reload global library macros
2014-07-22 13:26:23,604 - Log4JLogChute initialized using file 'velocity.log'
2014-07-22 13:26:23,604 - Velocity was not initialized! Calling init()...
2014-07-22 13:26:23,604 - Starting Apache Velocity v1.5 (compiled: 2007-02-22 08:52:29)
2014-07-22 13:26:23,604 - Default Properties File: org/apache/velocity/runtime/defaults/velocity.properties
2014-07-22 13:26:23,604 - Trying to use logger class org.apache.velocity.runtime.log.AvalonLogChute
2014-07-22 13:26:23,606 - Couldn't find class org.apache.velocity.runtime.log.AvalonLogChute or necessary supporting classes in classpath.
java.lang.NoClassDefFoundError: org/apache/log/format/Formatter
	at java.lang.Class.forName0(Native Method)
	at java.lang.Class.forName(Class.java:270)
	at org.apache.velocity.util.ClassUtils.getClass(ClassUtils.java:63)
	at org.apache.velocity.util.ClassUtils.getNewInstance(ClassUtils.java:95)
	at org.apache.velocity.runtime.log.LogManager.createLogChute(LogManager.java:147)
	at org.apache.velocity.runtime.log.LogManager.updateLog(LogManager.java:208)
	at org.apache.velocity.runtime.RuntimeInstance.initializeLog(RuntimeInstance.java:728)
	at org.apache.velocity.runtime.RuntimeInstance.init(RuntimeInstance.java:240)
	at org.apache.velocity.runtime.RuntimeInstance.parse(RuntimeInstance.java:993)
	at org.apache.velocity.runtime.RuntimeInstance.parse(RuntimeInstance.java:972)
	at org.apache.velocity.runtime.RuntimeSingleton.parse(RuntimeSingleton.java:265)
	at org.apache.velocity.app.Velocity.evaluate(Velocity.java:274)
	at org.sonatype.mavenbook.weather.WeatherFormatter.format(WeatherFormatter.java:24)
	at org.sonatype.mavenbook.weather.yahoo.WeatherFormatterTest.testFormat(WeatherFormatterTest.java:22)
	at sun.reflect.NativeMethodAccessorImpl.invoke0(Native Method)
	at sun.reflect.NativeMethodAccessorImpl.invoke(NativeMethodAccessorImpl.java:57)
	at sun.reflect.DelegatingMethodAccessorImpl.invoke(DelegatingMethodAccessorImpl.java:43)
	at java.lang.reflect.Method.invoke(Method.java:606)
	at junit.framework.TestCase.runTest(TestCase.java:154)
	at junit.framework.TestCase.runBare(TestCase.java:127)
	at junit.framework.TestResult$1.protect(TestResult.java:106)
	at junit.framework.TestResult.runProtected(TestResult.java:124)
	at junit.framework.TestResult.run(TestResult.java:109)
	at junit.framework.TestCase.run(TestCase.java:118)
	at junit.framework.TestSuite.runTest(TestSuite.java:208)
	at junit.framework.TestSuite.run(TestSuite.java:203)
	at sun.reflect.NativeMethodAccessorImpl.invoke0(Native Method)
	at sun.reflect.NativeMethodAccessorImpl.invoke(NativeMethodAccessorImpl.java:57)
	at sun.reflect.DelegatingMethodAccessorImpl.invoke(DelegatingMethodAccessorImpl.java:43)
	at java.lang.reflect.Method.invoke(Method.java:606)
	at org.apache.maven.surefire.junit.JUnitTestSet.execute(JUnitTestSet.java:95)
	at org.apache.maven.surefire.junit.JUnit3Provider.executeTestSet(JUnit3Provider.java:121)
	at org.apache.maven.surefire.junit.JUnit3Provider.invoke(JUnit3Provider.java:98)
	at sun.reflect.NativeMethodAccessorImpl.invoke0(Native Method)
	at sun.reflect.NativeMethodAccessorImpl.invoke(NativeMethodAccessorImpl.java:57)
	at sun.reflect.DelegatingMethodAccessorImpl.invoke(DelegatingMethodAccessorImpl.java:43)
	at java.lang.reflect.Method.invoke(Method.java:606)
	at org.apache.maven.surefire.util.ReflectionUtils.invokeMethodWithArray(ReflectionUtils.java:189)
	at org.apache.maven.surefire.booter.ProviderFactory$ProviderProxy.invoke(ProviderFactory.java:165)
	at org.apache.maven.surefire.booter.ProviderFactory.invokeProvider(ProviderFactory.java:85)
	at org.apache.maven.surefire.booter.ForkedBooter.runSuitesInProcess(ForkedBooter.java:115)
	at org.apache.maven.surefire.booter.ForkedBooter.main(ForkedBooter.java:75)
Caused by: java.lang.ClassNotFoundException: org.apache.log.format.Formatter
	at java.net.URLClassLoader$1.run(URLClassLoader.java:366)
	at java.net.URLClassLoader$1.run(URLClassLoader.java:355)
	at java.security.AccessController.doPrivileged(Native Method)
	at java.net.URLClassLoader.findClass(URLClassLoader.java:354)
	at java.lang.ClassLoader.loadClass(ClassLoader.java:425)
	at sun.misc.Launcher$AppClassLoader.loadClass(Launcher.java:308)
	at java.lang.ClassLoader.loadClass(ClassLoader.java:358)
	... 42 more
2014-07-22 13:26:23,609 - Trying to use logger class org.apache.velocity.runtime.log.Log4JLogChute
2014-07-22 13:26:23,609 - Using logger class org.apache.velocity.runtime.log.Log4JLogChute
2014-07-22 13:26:23,612 - Default ResourceManager initializing. (class org.apache.velocity.runtime.resource.ResourceManagerImpl)
2014-07-22 13:26:23,618 - ResourceLoader instantiated: org.apache.velocity.runtime.resource.loader.FileResourceLoader
2014-07-22 13:26:23,620 - Do unicode file recognition:  false
2014-07-22 13:26:23,620 - FileResourceLoader : adding path '.'
2014-07-22 13:26:23,647 - ResourceCache: initialized (class org.apache.velocity.runtime.resource.ResourceCacheImpl)
2014-07-22 13:26:23,650 - Loaded System Directive: org.apache.velocity.runtime.directive.Literal
2014-07-22 13:26:23,653 - Loaded System Directive: org.apache.velocity.runtime.directive.Macro
2014-07-22 13:26:23,656 - Loaded System Directive: org.apache.velocity.runtime.directive.Parse
2014-07-22 13:26:23,659 - Loaded System Directive: org.apache.velocity.runtime.directive.Include
2014-07-22 13:26:23,659 - Loaded System Directive: org.apache.velocity.runtime.directive.Foreach
2014-07-22 13:26:23,686 - Created '20' parsers.
2014-07-22 13:26:23,693 - Velocimacro : "velocimacro.library" is not set.  Trying default library: VM_global_library.vm
2014-07-22 13:26:23,694 - Velocimacro : Default library not found.
2014-07-22 13:26:23,694 - Velocimacro : allowInline = true : VMs can be defined inline in templates
2014-07-22 13:26:23,694 - Velocimacro : allowInlineToOverride = false : VMs defined inline may NOT replace previous VM definitions
2014-07-22 13:26:23,694 - Velocimacro : allowInlineLocal = false : VMs defined inline will be global in scope if allowed.
2014-07-22 13:26:23,694 - Velocimacro : autoload off : VM system will not automatically reload global library macros
2014-07-22 13:55:40,737 - Log4JLogChute initialized using file 'velocity.log'
2014-07-22 13:55:40,738 - Velocity was not initialized! Calling init()...
2014-07-22 13:55:40,738 - Starting Apache Velocity v1.5 (compiled: 2007-02-22 08:52:29)
2014-07-22 13:55:40,738 - Default Properties File: org/apache/velocity/runtime/defaults/velocity.properties
2014-07-22 13:55:40,738 - Trying to use logger class org.apache.velocity.runtime.log.AvalonLogChute
2014-07-22 13:55:40,739 - Couldn't find class org.apache.velocity.runtime.log.AvalonLogChute or necessary supporting classes in classpath.
java.lang.NoClassDefFoundError: org/apache/log/format/Formatter
	at java.lang.Class.forName0(Native Method)
	at java.lang.Class.forName(Class.java:270)
	at org.apache.velocity.util.ClassUtils.getClass(ClassUtils.java:63)
	at org.apache.velocity.util.ClassUtils.getNewInstance(ClassUtils.java:95)
	at org.apache.velocity.runtime.log.LogManager.createLogChute(LogManager.java:147)
	at org.apache.velocity.runtime.log.LogManager.updateLog(LogManager.java:208)
	at org.apache.velocity.runtime.RuntimeInstance.initializeLog(RuntimeInstance.java:728)
	at org.apache.velocity.runtime.RuntimeInstance.init(RuntimeInstance.java:240)
	at org.apache.velocity.runtime.RuntimeInstance.parse(RuntimeInstance.java:993)
	at org.apache.velocity.runtime.RuntimeInstance.parse(RuntimeInstance.java:972)
	at org.apache.velocity.runtime.RuntimeSingleton.parse(RuntimeSingleton.java:265)
	at org.apache.velocity.app.Velocity.evaluate(Velocity.java:274)
	at org.sonatype.mavenbook.weather.WeatherFormatter.format(WeatherFormatter.java:24)
	at org.sonatype.mavenbook.weather.yahoo.WeatherFormatterTest.testFormat(WeatherFormatterTest.java:22)
	at sun.reflect.NativeMethodAccessorImpl.invoke0(Native Method)
	at sun.reflect.NativeMethodAccessorImpl.invoke(NativeMethodAccessorImpl.java:57)
	at sun.reflect.DelegatingMethodAccessorImpl.invoke(DelegatingMethodAccessorImpl.java:43)
	at java.lang.reflect.Method.invoke(Method.java:606)
	at junit.framework.TestCase.runTest(TestCase.java:154)
	at junit.framework.TestCase.runBare(TestCase.java:127)
	at junit.framework.TestResult$1.protect(TestResult.java:106)
	at junit.framework.TestResult.runProtected(TestResult.java:124)
	at junit.framework.TestResult.run(TestResult.java:109)
	at junit.framework.TestCase.run(TestCase.java:118)
	at junit.framework.TestSuite.runTest(TestSuite.java:208)
	at junit.framework.TestSuite.run(TestSuite.java:203)
	at sun.reflect.NativeMethodAccessorImpl.invoke0(Native Method)
	at sun.reflect.NativeMethodAccessorImpl.invoke(NativeMethodAccessorImpl.java:57)
	at sun.reflect.DelegatingMethodAccessorImpl.invoke(DelegatingMethodAccessorImpl.java:43)
	at java.lang.reflect.Method.invoke(Method.java:606)
	at org.apache.maven.surefire.junit.JUnitTestSet.execute(JUnitTestSet.java:95)
	at org.apache.maven.surefire.junit.JUnit3Provider.executeTestSet(JUnit3Provider.java:121)
	at org.apache.maven.surefire.junit.JUnit3Provider.invoke(JUnit3Provider.java:98)
	at sun.reflect.NativeMethodAccessorImpl.invoke0(Native Method)
	at sun.reflect.NativeMethodAccessorImpl.invoke(NativeMethodAccessorImpl.java:57)
	at sun.reflect.DelegatingMethodAccessorImpl.invoke(DelegatingMethodAccessorImpl.java:43)
	at java.lang.reflect.Method.invoke(Method.java:606)
	at org.apache.maven.surefire.util.ReflectionUtils.invokeMethodWithArray(ReflectionUtils.java:189)
	at org.apache.maven.surefire.booter.ProviderFactory$ProviderProxy.invoke(ProviderFactory.java:165)
	at org.apache.maven.surefire.booter.ProviderFactory.invokeProvider(ProviderFactory.java:85)
	at org.apache.maven.surefire.booter.ForkedBooter.runSuitesInProcess(ForkedBooter.java:115)
	at org.apache.maven.surefire.booter.ForkedBooter.main(ForkedBooter.java:75)
Caused by: java.lang.ClassNotFoundException: org.apache.log.format.Formatter
	at java.net.URLClassLoader$1.run(URLClassLoader.java:366)
	at java.net.URLClassLoader$1.run(URLClassLoader.java:355)
	at java.security.AccessController.doPrivileged(Native Method)
	at java.net.URLClassLoader.findClass(URLClassLoader.java:354)
	at java.lang.ClassLoader.loadClass(ClassLoader.java:425)
	at sun.misc.Launcher$AppClassLoader.loadClass(Launcher.java:308)
	at java.lang.ClassLoader.loadClass(ClassLoader.java:358)
	... 42 more
2014-07-22 13:55:40,742 - Trying to use logger class org.apache.velocity.runtime.log.Log4JLogChute
2014-07-22 13:55:40,742 - Using logger class org.apache.velocity.runtime.log.Log4JLogChute
2014-07-22 13:55:40,746 - Default ResourceManager initializing. (class org.apache.velocity.runtime.resource.ResourceManagerImpl)
2014-07-22 13:55:40,751 - ResourceLoader instantiated: org.apache.velocity.runtime.resource.loader.FileResourceLoader
2014-07-22 13:55:40,753 - Do unicode file recognition:  false
2014-07-22 13:55:40,754 - FileResourceLoader : adding path '.'
2014-07-22 13:55:40,767 - ResourceCache: initialized (class org.apache.velocity.runtime.resource.ResourceCacheImpl)
2014-07-22 13:55:40,769 - Loaded System Directive: org.apache.velocity.runtime.directive.Literal
2014-07-22 13:55:40,770 - Loaded System Directive: org.apache.velocity.runtime.directive.Macro
2014-07-22 13:55:40,771 - Loaded System Directive: org.apache.velocity.runtime.directive.Parse
2014-07-22 13:55:40,773 - Loaded System Directive: org.apache.velocity.runtime.directive.Include
2014-07-22 13:55:40,774 - Loaded System Directive: org.apache.velocity.runtime.directive.Foreach
2014-07-22 13:55:40,800 - Created '20' parsers.
2014-07-22 13:55:40,807 - Velocimacro : "velocimacro.library" is not set.  Trying default library: VM_global_library.vm
2014-07-22 13:55:40,808 - Velocimacro : Default library not found.
2014-07-22 13:55:40,808 - Velocimacro : allowInline = true : VMs can be defined inline in templates
2014-07-22 13:55:40,808 - Velocimacro : allowInlineToOverride = false : VMs defined inline may NOT replace previous VM definitions
2014-07-22 13:55:40,808 - Velocimacro : allowInlineLocal = false : VMs defined inline will be global in scope if allowed.
2014-07-22 13:55:40,808 - Velocimacro : autoload off : VM system will not automatically reload global library macros
2014-07-22 15:23:17,098 - Log4JLogChute initialized using file 'velocity.log'
2014-07-22 15:23:17,099 - Velocity was not initialized! Calling init()...
2014-07-22 15:23:17,099 - Starting Apache Velocity v1.5 (compiled: 2007-02-22 08:52:29)
2014-07-22 15:23:17,099 - Default Properties File: org/apache/velocity/runtime/defaults/velocity.properties
2014-07-22 15:23:17,099 - Trying to use logger class org.apache.velocity.runtime.log.AvalonLogChute
2014-07-22 15:23:17,101 - Couldn't find class org.apache.velocity.runtime.log.AvalonLogChute or necessary supporting classes in classpath.
java.lang.NoClassDefFoundError: org/apache/log/format/Formatter
	at java.lang.Class.forName0(Native Method)
	at java.lang.Class.forName(Class.java:270)
	at org.apache.velocity.util.ClassUtils.getClass(ClassUtils.java:63)
	at org.apache.velocity.util.ClassUtils.getNewInstance(ClassUtils.java:95)
	at org.apache.velocity.runtime.log.LogManager.createLogChute(LogManager.java:147)
	at org.apache.velocity.runtime.log.LogManager.updateLog(LogManager.java:208)
	at org.apache.velocity.runtime.RuntimeInstance.initializeLog(RuntimeInstance.java:728)
	at org.apache.velocity.runtime.RuntimeInstance.init(RuntimeInstance.java:240)
	at org.apache.velocity.runtime.RuntimeInstance.parse(RuntimeInstance.java:993)
	at org.apache.velocity.runtime.RuntimeInstance.parse(RuntimeInstance.java:972)
	at org.apache.velocity.runtime.RuntimeSingleton.parse(RuntimeSingleton.java:265)
	at org.apache.velocity.app.Velocity.evaluate(Velocity.java:274)
	at org.sonatype.mavenbook.weather.WeatherFormatter.format(WeatherFormatter.java:24)
	at org.sonatype.mavenbook.weather.yahoo.WeatherFormatterTest.testFormat(WeatherFormatterTest.java:22)
	at sun.reflect.NativeMethodAccessorImpl.invoke0(Native Method)
	at sun.reflect.NativeMethodAccessorImpl.invoke(NativeMethodAccessorImpl.java:57)
	at sun.reflect.DelegatingMethodAccessorImpl.invoke(DelegatingMethodAccessorImpl.java:43)
	at java.lang.reflect.Method.invoke(Method.java:606)
	at junit.framework.TestCase.runTest(TestCase.java:154)
	at junit.framework.TestCase.runBare(TestCase.java:127)
	at junit.framework.TestResult$1.protect(TestResult.java:106)
	at junit.framework.TestResult.runProtected(TestResult.java:124)
	at junit.framework.TestResult.run(TestResult.java:109)
	at junit.framework.TestCase.run(TestCase.java:118)
	at junit.framework.TestSuite.runTest(TestSuite.java:208)
	at junit.framework.TestSuite.run(TestSuite.java:203)
	at sun.reflect.NativeMethodAccessorImpl.invoke0(Native Method)
	at sun.reflect.NativeMethodAccessorImpl.invoke(NativeMethodAccessorImpl.java:57)
	at sun.reflect.DelegatingMethodAccessorImpl.invoke(DelegatingMethodAccessorImpl.java:43)
	at java.lang.reflect.Method.invoke(Method.java:606)
	at org.apache.maven.surefire.junit.JUnitTestSet.execute(JUnitTestSet.java:95)
	at org.apache.maven.surefire.junit.JUnit3Provider.executeTestSet(JUnit3Provider.java:121)
	at org.apache.maven.surefire.junit.JUnit3Provider.invoke(JUnit3Provider.java:98)
	at sun.reflect.NativeMethodAccessorImpl.invoke0(Native Method)
	at sun.reflect.NativeMethodAccessorImpl.invoke(NativeMethodAccessorImpl.java:57)
	at sun.reflect.DelegatingMethodAccessorImpl.invoke(DelegatingMethodAccessorImpl.java:43)
	at java.lang.reflect.Method.invoke(Method.java:606)
	at org.apache.maven.surefire.util.ReflectionUtils.invokeMethodWithArray(ReflectionUtils.java:189)
	at org.apache.maven.surefire.booter.ProviderFactory$ProviderProxy.invoke(ProviderFactory.java:165)
	at org.apache.maven.surefire.booter.ProviderFactory.invokeProvider(ProviderFactory.java:85)
	at org.apache.maven.surefire.booter.ForkedBooter.runSuitesInProcess(ForkedBooter.java:115)
	at org.apache.maven.surefire.booter.ForkedBooter.main(ForkedBooter.java:75)
Caused by: java.lang.ClassNotFoundException: org.apache.log.format.Formatter
	at java.net.URLClassLoader$1.run(URLClassLoader.java:366)
	at java.net.URLClassLoader$1.run(URLClassLoader.java:355)
	at java.security.AccessController.doPrivileged(Native Method)
	at java.net.URLClassLoader.findClass(URLClassLoader.java:354)
	at java.lang.ClassLoader.loadClass(ClassLoader.java:425)
	at sun.misc.Launcher$AppClassLoader.loadClass(Launcher.java:308)
	at java.lang.ClassLoader.loadClass(ClassLoader.java:358)
	... 42 more
2014-07-22 15:23:17,104 - Trying to use logger class org.apache.velocity.runtime.log.Log4JLogChute
2014-07-22 15:23:17,104 - Using logger class org.apache.velocity.runtime.log.Log4JLogChute
2014-07-22 15:23:17,107 - Default ResourceManager initializing. (class org.apache.velocity.runtime.resource.ResourceManagerImpl)
2014-07-22 15:23:17,113 - ResourceLoader instantiated: org.apache.velocity.runtime.resource.loader.FileResourceLoader
2014-07-22 15:23:17,115 - Do unicode file recognition:  false
2014-07-22 15:23:17,115 - FileResourceLoader : adding path '.'
2014-07-22 15:23:17,132 - ResourceCache: initialized (class org.apache.velocity.runtime.resource.ResourceCacheImpl)
2014-07-22 15:23:17,133 - Loaded System Directive: org.apache.velocity.runtime.directive.Literal
2014-07-22 15:23:17,134 - Loaded System Directive: org.apache.velocity.runtime.directive.Macro
2014-07-22 15:23:17,136 - Loaded System Directive: org.apache.velocity.runtime.directive.Parse
2014-07-22 15:23:17,137 - Loaded System Directive: org.apache.velocity.runtime.directive.Include
2014-07-22 15:23:17,138 - Loaded System Directive: org.apache.velocity.runtime.directive.Foreach
2014-07-22 15:23:17,166 - Created '20' parsers.
2014-07-22 15:23:17,175 - Velocimacro : "velocimacro.library" is not set.  Trying default library: VM_global_library.vm
2014-07-22 15:23:17,175 - Velocimacro : Default library not found.
2014-07-22 15:23:17,175 - Velocimacro : allowInline = true : VMs can be defined inline in templates
2014-07-22 15:23:17,175 - Velocimacro : allowInlineToOverride = false : VMs defined inline may NOT replace previous VM definitions
2014-07-22 15:23:17,175 - Velocimacro : allowInlineLocal = false : VMs defined inline will be global in scope if allowed.
2014-07-22 15:23:17,175 - Velocimacro : autoload off : VM system will not automatically reload global library macros
